<?xml version="1.0" encoding="UTF-8"?>
<!-- Generated by org.testng.reporters.JUnitXMLReporter -->
<testsuite ignored="0" hostname="DESKTOP-DHC5JDD" failures="1" tests="1" name="Test" time="29.774" errors="0" timestamp="2026-03-30T14:16:39 IST">
  <testcase classname="com.Adaptix.testcases.LoginTest" name="loginPage" time="21.868">
    <failure type="java.lang.AssertionError" message="Login Failed expected [true] but found [false]">
      <![CDATA[java.lang.AssertionError: Login Failed expected [true] but found [false]
at com.Adaptix.testcases.LoginTest.loginPage(LoginTest.java:21)
at java.base/java.util.ArrayList.forEach(ArrayList.java:1596)
... Removed 28 stack frames]]>
    </failure>
  </testcase> <!-- loginPage -->
</testsuite> <!-- Test -->
