<?xml version="1.0" encoding="UTF-8"?>
<testng-results ignored="0" total="1" passed="1" failed="0" skipped="0">
  <reporter-output>
  </reporter-output>
  <suite started-at="2026-03-27T08:19:24 IST" name="Suite" finished-at="2026-03-27T08:19:27 IST" duration-ms="3305">
    <groups>
    </groups>
    <test started-at="2026-03-27T08:19:24 IST" name="Test" finished-at="2026-03-27T08:19:27 IST" duration-ms="3305">
      <class name="com.Adaptix.testcases.LoginTest">
        <test-method is-config="true" signature="detUp()[pri:0, instance:com.Adaptix.testcases.LoginTest@71075444]" started-at="2026-03-27T08:19:14 IST" name="detUp" finished-at="2026-03-27T08:19:24 IST" duration-ms="10355" status="PASS">
          <reporter-output>
          </reporter-output>
        </test-method> <!-- detUp -->
        <test-method signature="loginASPsg()[pri:0, instance:com.Adaptix.testcases.LoginTest@71075444]" started-at="2026-03-27T08:19:24 IST" name="loginASPsg" finished-at="2026-03-27T08:19:27 IST" duration-ms="3242" status="PASS">
          <reporter-output>
          </reporter-output>
        </test-method> <!-- loginASPsg -->
        <test-method is-config="true" signature="tearDown()[pri:0, instance:com.Adaptix.testcases.LoginTest@71075444]" started-at="2026-03-27T08:19:27 IST" name="tearDown" finished-at="2026-03-27T08:19:28 IST" duration-ms="789" status="PASS">
          <reporter-output>
          </reporter-output>
        </test-method> <!-- tearDown -->
      </class> <!-- com.Adaptix.testcases.LoginTest -->
    </test> <!-- Test -->
  </suite> <!-- Suite -->
</testng-results>
