<?xml version="1.0" encoding="UTF-8"?>
<!-- Generated by org.testng.reporters.JUnitReportReporter -->
<testsuite hostname="DESKTOP-DHC5JDD" failures="0" tests="2" name="com.Adaptix.testcases.LoginTest" time="3.928" errors="0" timestamp="2026-04-01T14:30:42 IST" skipped="0">
  <testcase classname="com.Adaptix.testcases.LoginTest" name="loginPage" time="1.817"/>
  <testcase classname="com.Adaptix.testcases.LoginTest" name="moduleTest" time="2.111"/>
</testsuite> <!-- com.Adaptix.testcases.LoginTest -->
