<?xml version="1.0" encoding="UTF-8"?>
<!-- Generated by org.testng.reporters.JUnitReportReporter -->
<testsuite hostname="DESKTOP-DHC5JDD" failures="0" tests="2" name="com.Adaptix.testcases.LoginTest" time="3.833" errors="0" timestamp="2026-04-02T08:48:35 IST" skipped="0">
  <testcase classname="com.Adaptix.testcases.LoginTest" name="loginPage" time="1.507"/>
  <testcase classname="com.Adaptix.testcases.LoginTest" name="moduleTest" time="2.326"/>
</testsuite> <!-- com.Adaptix.testcases.LoginTest -->
