<?xml version="1.0" encoding="UTF-8"?>
<!-- Generated by org.testng.reporters.JUnitReportReporter -->
<testsuite hostname="DESKTOP-DHC5JDD" failures="0" tests="2" name="com.Adaptix.testcases.LoginTest" time="3.484" errors="0" timestamp="2026-04-01T16:24:13 IST" skipped="0">
  <testcase classname="com.Adaptix.testcases.LoginTest" name="loginPage" time="1.505"/>
  <testcase classname="com.Adaptix.testcases.LoginTest" name="moduleTest" time="1.979"/>
</testsuite> <!-- com.Adaptix.testcases.LoginTest -->
